2021-02-11 20:42:58,540 INFO org.hibernate.validator.internal.util.Version [background-preinit] HV000001: Hibernate Validator 6.1.7.Final
2021-02-11 20:42:58,570 INFO org.springframework.boot.StartupInfoLogger [main] Starting CustomerStatementResourceTest using Java 11.0.4 on Dineshs-MacBook-Pro.local with PID 5309 (started by dineshpratapsingh in /Users/dineshpratapsingh/workspace/assignment/java-exercise)
2021-02-11 20:42:58,573 INFO org.springframework.boot.SpringApplication [main] No active profile set, falling back to default profiles: default
2021-02-11 20:42:59,527 INFO org.springframework.boot.web.embedded.tomcat.TomcatWebServer [main] Tomcat initialized with port(s): 0 (http)
2021-02-11 20:42:59,540 INFO org.apache.juli.logging.DirectJDKLog [main] Initializing ProtocolHandler ["http-nio-auto-1"]
2021-02-11 20:42:59,541 INFO org.apache.juli.logging.DirectJDKLog [main] Starting service [Tomcat]
2021-02-11 20:42:59,541 INFO org.apache.juli.logging.DirectJDKLog [main] Starting Servlet engine: [Apache Tomcat/9.0.41]
2021-02-11 20:42:59,625 INFO org.apache.juli.logging.DirectJDKLog [main] Initializing Spring embedded WebApplicationContext
2021-02-11 20:42:59,626 INFO org.springframework.boot.web.servlet.context.ServletWebServerApplicationContext [main] Root WebApplicationContext: initialization completed in 1026 ms
2021-02-11 20:43:00,034 INFO org.apache.juli.logging.DirectJDKLog [main] Starting ProtocolHandler ["http-nio-auto-1"]
2021-02-11 20:43:00,055 INFO org.springframework.boot.web.embedded.tomcat.TomcatWebServer [main] Tomcat started on port(s): 52995 (http) with context path ''
2021-02-11 20:43:00,067 INFO org.springframework.boot.StartupInfoLogger [main] Started CustomerStatementResourceTest in 6.943 seconds (JVM running for 8.058)
2021-02-11 20:43:00,826 WARN org.glassfish.jersey.server.wadl.WadlFeature [http-nio-auto-1-exec-1] JAXBContext implementation could not be found. WADL feature is disabled.
2021-02-11 20:43:01,114 INFO com.cts.recruitment.assignment.javaexercise.resources.CustomerStatementResource [http-nio-auto-1-exec-1] Inside health check
2021-02-11 20:43:01,418 INFO com.cts.recruitment.assignment.javaexercise.utility.Utility [http-nio-auto-1-exec-2] Creating `Error response for records null of type INTERNAL_SERVER_ERROR
2021-02-11 20:43:01,419 INFO com.cts.recruitment.assignment.javaexercise.utility.Utility [http-nio-auto-1-exec-2] Creating `Error response for records null 
2021-02-11 20:43:01,499 INFO org.springframework.test.context.support.AbstractTestContextBootstrapper [main] Neither @ContextConfiguration nor @ContextHierarchy found for test class [com.cts.recruitment.assignment.javaexercise.JavaExerciseApplicationTests], using SpringBootContextLoader
2021-02-11 20:43:01,500 INFO org.springframework.test.context.support.AbstractContextLoader [main] Could not detect default resource locations for test class [com.cts.recruitment.assignment.javaexercise.JavaExerciseApplicationTests]: no resource found for suffixes {-context.xml, Context.groovy}.
2021-02-11 20:43:01,501 INFO org.springframework.test.context.support.AnnotationConfigContextLoaderUtils [main] Could not detect default configuration classes for test class [com.cts.recruitment.assignment.javaexercise.JavaExerciseApplicationTests]: JavaExerciseApplicationTests does not declare any static, non-private, non-final, nested classes annotated with @Configuration.
2021-02-11 20:43:01,504 INFO org.springframework.boot.test.context.SpringBootTestContextBootstrapper [main] Found @SpringBootConfiguration com.cts.recruitment.assignment.javaexercise.JavaExerciseApplication for test class com.cts.recruitment.assignment.javaexercise.JavaExerciseApplicationTests
2021-02-11 20:43:01,506 INFO org.springframework.test.context.support.AbstractTestContextBootstrapper [main] Loaded default TestExecutionListener class names from location [META-INF/spring.factories]: [org.springframework.boot.test.mock.mockito.MockitoTestExecutionListener, org.springframework.boot.test.mock.mockito.ResetMocksTestExecutionListener, org.springframework.boot.test.autoconfigure.restdocs.RestDocsTestExecutionListener, org.springframework.boot.test.autoconfigure.web.client.MockRestServiceServerResetTestExecutionListener, org.springframework.boot.test.autoconfigure.web.servlet.MockMvcPrintOnlyOnFailureTestExecutionListener, org.springframework.boot.test.autoconfigure.web.servlet.WebDriverTestExecutionListener, org.springframework.boot.test.autoconfigure.webservices.client.MockWebServiceServerTestExecutionListener, org.springframework.test.context.web.ServletTestExecutionListener, org.springframework.test.context.support.DirtiesContextBeforeModesTestExecutionListener, org.springframework.test.context.event.ApplicationEventsTestExecutionListener, org.springframework.test.context.support.DependencyInjectionTestExecutionListener, org.springframework.test.context.support.DirtiesContextTestExecutionListener, org.springframework.test.context.transaction.TransactionalTestExecutionListener, org.springframework.test.context.jdbc.SqlScriptsTestExecutionListener, org.springframework.test.context.event.EventPublishingTestExecutionListener]
2021-02-11 20:43:01,507 INFO org.springframework.test.context.support.AbstractTestContextBootstrapper [main] Using TestExecutionListeners: [org.springframework.test.context.web.ServletTestExecutionListener@554566a8, org.springframework.test.context.support.DirtiesContextBeforeModesTestExecutionListener@66020d69, org.springframework.test.context.event.ApplicationEventsTestExecutionListener@3751acd7, org.springframework.boot.test.mock.mockito.MockitoTestExecutionListener@6b832551, org.springframework.boot.test.autoconfigure.SpringBootDependencyInjectionTestExecutionListener@150d6eaf, org.springframework.test.context.support.DirtiesContextTestExecutionListener@63124022, org.springframework.test.context.event.EventPublishingTestExecutionListener@591f6f83, org.springframework.boot.test.mock.mockito.ResetMocksTestExecutionListener@2b44605c, org.springframework.boot.test.autoconfigure.restdocs.RestDocsTestExecutionListener@55421b8d, org.springframework.boot.test.autoconfigure.web.client.MockRestServiceServerResetTestExecutionListener@24a04257, org.springframework.boot.test.autoconfigure.web.servlet.MockMvcPrintOnlyOnFailureTestExecutionListener@6615237, org.springframework.boot.test.autoconfigure.web.servlet.WebDriverTestExecutionListener@eaf8427, org.springframework.boot.test.autoconfigure.webservices.client.MockWebServiceServerTestExecutionListener@4bf4680c]
2021-02-11 20:43:01,540 INFO org.springframework.boot.StartupInfoLogger [main] Starting JavaExerciseApplicationTests using Java 11.0.4 on Dineshs-MacBook-Pro.local with PID 5309 (started by dineshpratapsingh in /Users/dineshpratapsingh/workspace/assignment/java-exercise)
2021-02-11 20:43:01,543 INFO org.springframework.boot.SpringApplication [main] No active profile set, falling back to default profiles: default
2021-02-11 20:43:01,826 INFO org.springframework.boot.StartupInfoLogger [main] Started JavaExerciseApplicationTests in 0.31 seconds (JVM running for 9.817)
2021-02-11 20:43:01,860 INFO com.cts.recruitment.assignment.javaexercise.services.impl.StatementValidationServiceImpl [main] duplicate records are []
2021-02-11 20:43:01,861 INFO com.cts.recruitment.assignment.javaexercise.services.impl.StatementValidationServiceImpl [main] invalidSumRecords records are []
2021-02-11 20:43:01,861 INFO com.cts.recruitment.assignment.javaexercise.services.impl.StatementValidationServiceImpl [main] processing response of type SUCCESSFUL
2021-02-11 20:43:01,862 INFO com.cts.recruitment.assignment.javaexercise.utility.Utility [main] Creating `Error response for records null of type SUCCESSFUL
2021-02-11 20:43:01,862 INFO com.cts.recruitment.assignment.javaexercise.utility.Utility [main] Creating `Error response for records null 
2021-02-11 20:43:01,875 INFO com.cts.recruitment.assignment.javaexercise.services.impl.StatementValidationServiceImpl [main] duplicate records are [class Record {
    txnReference: 1000
    accNumber: GB33BUKB20201555555555
    startBalance: 1800.0
    mutation: 200.0
    endBalance: 2000.0
    description: null
}, class Record {
    txnReference: 1000
    accNumber: GB33BUKB20201555555555
    startBalance: 1800.0
    mutation: 200.0
    endBalance: 2000.0
    description: null
}]
2021-02-11 20:43:01,877 INFO com.cts.recruitment.assignment.javaexercise.services.impl.StatementValidationServiceImpl [main] invalidSumRecords records are [class Record {
    txnReference: 1001
    accNumber: GB33BUKB20201555555555
    startBalance: 1800.0
    mutation: 205.0
    endBalance: 2000.0
    description: null
}]
2021-02-11 20:43:01,877 INFO com.cts.recruitment.assignment.javaexercise.services.impl.StatementValidationServiceImpl [main] processing response of type DUPLICATE_REFERENCE_INCORRECT_END_BALANCE
2021-02-11 20:43:01,881 INFO com.cts.recruitment.assignment.javaexercise.utility.Utility [main] Creating `Error response for records [class Record {
    txnReference: 1000
    accNumber: GB33BUKB20201555555555
    startBalance: 1800.0
    mutation: 200.0
    endBalance: 2000.0
    description: null
}, class Record {
    txnReference: 1000
    accNumber: GB33BUKB20201555555555
    startBalance: 1800.0
    mutation: 200.0
    endBalance: 2000.0
    description: null
}, class Record {
    txnReference: 1001
    accNumber: GB33BUKB20201555555555
    startBalance: 1800.0
    mutation: 205.0
    endBalance: 2000.0
    description: null
}] of type DUPLICATE_REFERENCE_INCORRECT_END_BALANCE
2021-02-11 20:43:01,881 INFO com.cts.recruitment.assignment.javaexercise.utility.Utility [main] Creating `Error response for records [class Record {
    txnReference: 1000
    accNumber: GB33BUKB20201555555555
    startBalance: 1800.0
    mutation: 200.0
    endBalance: 2000.0
    description: null
}, class Record {
    txnReference: 1000
    accNumber: GB33BUKB20201555555555
    startBalance: 1800.0
    mutation: 200.0
    endBalance: 2000.0
    description: null
}, class Record {
    txnReference: 1001
    accNumber: GB33BUKB20201555555555
    startBalance: 1800.0
    mutation: 205.0
    endBalance: 2000.0
    description: null
}] 
2021-02-11 20:43:01,883 INFO com.cts.recruitment.assignment.javaexercise.services.impl.StatementValidationServiceImpl [main] duplicate records are [class Record {
    txnReference: 1000
    accNumber: GB33BUKB20201555555555
    startBalance: 1800.0
    mutation: 200.0
    endBalance: 2000.0
    description: null
}, class Record {
    txnReference: 1000
    accNumber: GB33BUKB20201555555555
    startBalance: 1800.0
    mutation: 200.0
    endBalance: 2000.0
    description: null
}]
2021-02-11 20:43:01,883 INFO com.cts.recruitment.assignment.javaexercise.services.impl.StatementValidationServiceImpl [main] invalidSumRecords records are []
2021-02-11 20:43:01,884 INFO com.cts.recruitment.assignment.javaexercise.services.impl.StatementValidationServiceImpl [main] processing response of type DUPLICATE_REFERENCE
2021-02-11 20:43:01,884 INFO com.cts.recruitment.assignment.javaexercise.utility.Utility [main] Creating `Error response for records [class Record {
    txnReference: 1000
    accNumber: GB33BUKB20201555555555
    startBalance: 1800.0
    mutation: 200.0
    endBalance: 2000.0
    description: null
}, class Record {
    txnReference: 1000
    accNumber: GB33BUKB20201555555555
    startBalance: 1800.0
    mutation: 200.0
    endBalance: 2000.0
    description: null
}] of type DUPLICATE_REFERENCE
2021-02-11 20:43:01,885 INFO com.cts.recruitment.assignment.javaexercise.utility.Utility [main] Creating `Error response for records [class Record {
    txnReference: 1000
    accNumber: GB33BUKB20201555555555
    startBalance: 1800.0
    mutation: 200.0
    endBalance: 2000.0
    description: null
}, class Record {
    txnReference: 1000
    accNumber: GB33BUKB20201555555555
    startBalance: 1800.0
    mutation: 200.0
    endBalance: 2000.0
    description: null
}] 
2021-02-11 20:43:01,886 INFO com.cts.recruitment.assignment.javaexercise.services.impl.StatementValidationServiceImpl [main] duplicate records are []
2021-02-11 20:43:01,887 INFO com.cts.recruitment.assignment.javaexercise.services.impl.StatementValidationServiceImpl [main] invalidSumRecords records are [class Record {
    txnReference: 1001
    accNumber: GB33BUKB20201555555555
    startBalance: 1800.0
    mutation: 205.0
    endBalance: 2000.0
    description: null
}]
2021-02-11 20:43:01,887 INFO com.cts.recruitment.assignment.javaexercise.services.impl.StatementValidationServiceImpl [main] processing response of type INCORRECT_END_BALANCE
2021-02-11 20:43:01,887 INFO com.cts.recruitment.assignment.javaexercise.utility.Utility [main] Creating `Error response for records [class Record {
    txnReference: 1001
    accNumber: GB33BUKB20201555555555
    startBalance: 1800.0
    mutation: 205.0
    endBalance: 2000.0
    description: null
}] of type INCORRECT_END_BALANCE
2021-02-11 20:43:01,888 INFO com.cts.recruitment.assignment.javaexercise.utility.Utility [main] Creating `Error response for records [class Record {
    txnReference: 1001
    accNumber: GB33BUKB20201555555555
    startBalance: 1800.0
    mutation: 205.0
    endBalance: 2000.0
    description: null
}] 
2021-02-11 20:43:01,889 INFO com.cts.recruitment.assignment.javaexercise.services.impl.StatementValidationServiceImpl [main] duplicate records are []
2021-02-11 20:43:01,890 INFO com.cts.recruitment.assignment.javaexercise.services.impl.StatementValidationServiceImpl [main] invalidSumRecords records are []
2021-02-11 20:43:01,891 INFO com.cts.recruitment.assignment.javaexercise.services.impl.StatementValidationServiceImpl [main] processing response of type SUCCESSFUL
2021-02-11 20:43:01,894 INFO com.cts.recruitment.assignment.javaexercise.utility.Utility [main] Creating `Error response for records null of type SUCCESSFUL
2021-02-11 20:43:01,894 INFO com.cts.recruitment.assignment.javaexercise.utility.Utility [main] Creating `Error response for records null 
2021-02-11 20:43:01,897 INFO com.cts.recruitment.assignment.javaexercise.utility.Utility [main] Creating `Error response for records [] 
2021-02-11 20:43:01,898 INFO com.cts.recruitment.assignment.javaexercise.utility.Utility [main] Creating `Error response for records null of type null
2021-02-11 20:43:01,899 INFO com.cts.recruitment.assignment.javaexercise.utility.Utility [main] Creating `Error response for records null 
2021-02-11 20:43:01,901 INFO com.cts.recruitment.assignment.javaexercise.utility.Utility [main] Creating `Error response for records [class Record {
    txnReference: 1000
    accNumber: GB33BUKB20201555555555
    startBalance: 1800.0
    mutation: 200.0
    endBalance: 2000.0
    description: null
}] of type SUCCESSFUL
2021-02-11 20:43:01,901 INFO com.cts.recruitment.assignment.javaexercise.utility.Utility [main] Creating `Error response for records [class Record {
    txnReference: 1000
    accNumber: GB33BUKB20201555555555
    startBalance: 1800.0
    mutation: 200.0
    endBalance: 2000.0
    description: null
}] 
2021-02-11 20:43:01,903 INFO com.cts.recruitment.assignment.javaexercise.utility.Utility [main] Creating `Error response for records [class Record {
    txnReference: 1000
    accNumber: GB33BUKB20201555555555
    startBalance: 1800.0
    mutation: 200.0
    endBalance: 2000.0
    description: null
}] 
2021-02-11 20:43:01,905 INFO com.cts.recruitment.assignment.javaexercise.utility.Utility [main] Creating `Error response for records null 
2021-02-11 20:44:21,809 INFO org.hibernate.validator.internal.util.Version [background-preinit] HV000001: Hibernate Validator 6.1.7.Final
2021-02-11 20:44:21,812 INFO org.springframework.boot.StartupInfoLogger [main] Starting JavaExerciseApplication using Java 11.0.4 on Dineshs-MacBook-Pro.local with PID 5367 (/Users/dineshpratapsingh/workspace/assignment/java-exercise/target/classes started by dineshpratapsingh in /Users/dineshpratapsingh/workspace/assignment/java-exercise)
2021-02-11 20:44:21,813 INFO org.springframework.boot.SpringApplication [main] No active profile set, falling back to default profiles: default
2021-02-11 20:44:22,614 INFO org.springframework.boot.web.embedded.tomcat.TomcatWebServer [main] Tomcat initialized with port(s): 8080 (http)
2021-02-11 20:44:22,623 INFO org.apache.juli.logging.DirectJDKLog [main] Initializing ProtocolHandler ["http-nio-8080"]
2021-02-11 20:44:22,623 INFO org.apache.juli.logging.DirectJDKLog [main] Starting service [Tomcat]
2021-02-11 20:44:22,624 INFO org.apache.juli.logging.DirectJDKLog [main] Starting Servlet engine: [Apache Tomcat/9.0.41]
2021-02-11 20:44:22,686 INFO org.apache.juli.logging.DirectJDKLog [main] Initializing Spring embedded WebApplicationContext
2021-02-11 20:44:22,687 INFO org.springframework.boot.web.servlet.context.ServletWebServerApplicationContext [main] Root WebApplicationContext: initialization completed in 830 ms
2021-02-11 20:44:22,871 INFO org.apache.juli.logging.DirectJDKLog [main] Starting ProtocolHandler ["http-nio-8080"]
2021-02-11 20:44:22,892 INFO org.springframework.boot.web.embedded.tomcat.TomcatWebServer [main] Tomcat started on port(s): 8080 (http) with context path ''
2021-02-11 20:44:22,903 INFO org.springframework.boot.StartupInfoLogger [main] Started JavaExerciseApplication in 6.574 seconds (JVM running for 6.963)
2021-02-11 20:48:25,657 INFO org.hibernate.validator.internal.util.Version [background-preinit] HV000001: Hibernate Validator 6.1.7.Final
2021-02-11 20:48:25,662 INFO org.springframework.boot.StartupInfoLogger [main] Starting JavaExerciseApplication using Java 11.0.4 on Dineshs-MacBook-Pro.local with PID 5482 (/Users/dineshpratapsingh/workspace/assignment/java-exercise/target/classes started by dineshpratapsingh in /Users/dineshpratapsingh/workspace/assignment/java-exercise)
2021-02-11 20:48:25,663 INFO org.springframework.boot.SpringApplication [main] No active profile set, falling back to default profiles: default
2021-02-11 20:48:26,373 INFO org.springframework.boot.web.embedded.tomcat.TomcatWebServer [main] Tomcat initialized with port(s): 8080 (http)
2021-02-11 20:48:26,382 INFO org.apache.juli.logging.DirectJDKLog [main] Initializing ProtocolHandler ["http-nio-8080"]
2021-02-11 20:48:26,383 INFO org.apache.juli.logging.DirectJDKLog [main] Starting service [Tomcat]
2021-02-11 20:48:26,383 INFO org.apache.juli.logging.DirectJDKLog [main] Starting Servlet engine: [Apache Tomcat/9.0.41]
2021-02-11 20:48:26,447 INFO org.apache.juli.logging.DirectJDKLog [main] Initializing Spring embedded WebApplicationContext
2021-02-11 20:48:26,448 INFO org.springframework.boot.web.servlet.context.ServletWebServerApplicationContext [main] Root WebApplicationContext: initialization completed in 741 ms
2021-02-11 20:48:26,606 INFO org.apache.juli.logging.DirectJDKLog [main] Starting ProtocolHandler ["http-nio-8080"]
2021-02-11 20:48:26,624 INFO org.springframework.boot.web.embedded.tomcat.TomcatWebServer [main] Tomcat started on port(s): 8080 (http) with context path ''
2021-02-11 20:48:26,632 INFO org.springframework.boot.StartupInfoLogger [main] Started JavaExerciseApplication in 6.452 seconds (JVM running for 6.876)
2021-02-11 20:49:53,543 WARN org.glassfish.jersey.server.wadl.WadlFeature [http-nio-8080-exec-1] JAXBContext implementation could not be found. WADL feature is disabled.
2021-02-11 20:49:53,809 INFO com.cts.recruitment.assignment.javaexercise.resources.CustomerStatementResource [http-nio-8080-exec-1] Inside health check
2021-02-11 20:49:54,085 INFO com.cts.recruitment.assignment.javaexercise.resources.CustomerStatementResource [http-nio-8080-exec-2] request is recived for validation  [class Record {
    txnReference: 10101
    accNumber: GB33BUKB20201555555551
    startBalance: 1000.0
    mutation: 202.0
    endBalance: 1202.0
    description: This is test
}, class Record {
    txnReference: 10102
    accNumber: GB33BUKB20201555555552
    startBalance: 2000.0
    mutation: 100.0
    endBalance: 1900.0
    description: This is test
}, class Record {
    txnReference: 10103
    accNumber: GB33BUKB20201555555553
    startBalance: 3000.0
    mutation: 300.0
    endBalance: 3300.0
    description: This is test
}, class Record {
    txnReference: 10104
    accNumber: GB33BUKB20201555555554
    startBalance: 3000.0
    mutation: 30.0
    endBalance: 3030.0
    description: This is test
}, class Record {
    txnReference: 10105
    accNumber: GB33BUKB20201555555555
    startBalance: 5000.0
    mutation: 30.0
    endBalance: 5030.0
    description: This is test
}, class Record {
    txnReference: 10106
    accNumber: GB33BUKB20201555555556
    startBalance: 6000.0
    mutation: 30.0
    endBalance: 6030.0
    description: This is test
}]
2021-02-11 20:49:54,086 INFO com.cts.recruitment.assignment.javaexercise.services.impl.StatementValidationServiceImpl [http-nio-8080-exec-2] duplicate records are []
2021-02-11 20:49:54,087 INFO com.cts.recruitment.assignment.javaexercise.services.impl.StatementValidationServiceImpl [http-nio-8080-exec-2] invalidSumRecords records are []
2021-02-11 20:49:54,088 INFO com.cts.recruitment.assignment.javaexercise.services.impl.StatementValidationServiceImpl [http-nio-8080-exec-2] processing response of type SUCCESSFUL
2021-02-11 20:49:54,090 INFO com.cts.recruitment.assignment.javaexercise.utility.Utility [http-nio-8080-exec-2] Creating `Error response for records null of type SUCCESSFUL
2021-02-11 20:49:54,091 INFO com.cts.recruitment.assignment.javaexercise.utility.Utility [http-nio-8080-exec-2] Creating `Error response for records null 
2021-02-11 20:49:54,179 INFO com.cts.recruitment.assignment.javaexercise.utility.Utility [http-nio-8080-exec-3] Creating `Error response for records null of type BAD_REQUEST
2021-02-11 20:49:54,180 INFO com.cts.recruitment.assignment.javaexercise.utility.Utility [http-nio-8080-exec-3] Creating `Error response for records null 
2021-02-11 20:49:54,215 INFO com.cts.recruitment.assignment.javaexercise.resources.CustomerStatementResource [http-nio-8080-exec-4] request is recived for validation  [class Record {
    txnReference: 10101
    accNumber: GB33BUKB20201555555551
    startBalance: 1000.0
    mutation: 202.0
    endBalance: 1202.0
    description: This is test
}, class Record {
    txnReference: 10102
    accNumber: GB33BUKB20201555555552
    startBalance: 2000.0
    mutation: 100.0
    endBalance: 1900.0
    description: 
}, class Record {
    txnReference: 10103
    accNumber: GB33BUKB20201555555553
    startBalance: 3000.0
    mutation: 300.0
    endBalance: 3300.0
    description: This is test
}, class Record {
    txnReference: 10104
    accNumber: GB33BUKB20201555555554
    startBalance: 3000.0
    mutation: 30.0
    endBalance: 3030.0
    description: This is test
}, class Record {
    txnReference: 10105
    accNumber: GB33BUKB20201555555555
    startBalance: 5000.0
    mutation: 30.0
    endBalance: 5030.0
    description: This is test
}, class Record {
    txnReference: 10106
    accNumber: GB33BUKB20201555555556
    startBalance: 6000.0
    mutation: 30.0
    endBalance: 6030.0
    description: This is test
}]
2021-02-11 20:49:54,216 INFO com.cts.recruitment.assignment.javaexercise.services.impl.StatementValidationServiceImpl [http-nio-8080-exec-4] duplicate records are []
2021-02-11 20:49:54,217 INFO com.cts.recruitment.assignment.javaexercise.services.impl.StatementValidationServiceImpl [http-nio-8080-exec-4] invalidSumRecords records are []
2021-02-11 20:49:54,217 INFO com.cts.recruitment.assignment.javaexercise.services.impl.StatementValidationServiceImpl [http-nio-8080-exec-4] processing response of type SUCCESSFUL
2021-02-11 20:49:54,218 INFO com.cts.recruitment.assignment.javaexercise.utility.Utility [http-nio-8080-exec-4] Creating `Error response for records null of type SUCCESSFUL
2021-02-11 20:49:54,219 INFO com.cts.recruitment.assignment.javaexercise.utility.Utility [http-nio-8080-exec-4] Creating `Error response for records null 
2021-02-11 20:49:54,253 INFO com.cts.recruitment.assignment.javaexercise.utility.Utility [http-nio-8080-exec-5] Creating `Error response for records null of type BAD_REQUEST
2021-02-11 20:49:54,253 INFO com.cts.recruitment.assignment.javaexercise.utility.Utility [http-nio-8080-exec-5] Creating `Error response for records null 
2021-02-11 20:49:54,285 INFO com.cts.recruitment.assignment.javaexercise.resources.CustomerStatementResource [http-nio-8080-exec-6] request is recived for validation  [class Record {
    txnReference: 10101
    accNumber: GB33BUKB20201555555551
    startBalance: 1000.0
    mutation: 202.0
    endBalance: 1202.0
    description: This is test
}, class Record {
    txnReference: 10104
    accNumber: GB33BUKB20201555555552
    startBalance: 2000.0
    mutation: 100.0
    endBalance: 1900.0
    description: This is test
}, class Record {
    txnReference: 10103
    accNumber: GB33BUKB20201555555553
    startBalance: 3000.0
    mutation: 300.0
    endBalance: 3300.0
    description: This is test
}, class Record {
    txnReference: 10104
    accNumber: GB33BUKB20201555555554
    startBalance: 3000.0
    mutation: 30.0
    endBalance: 3030.0
    description: This is test
}, class Record {
    txnReference: 10105
    accNumber: GB33BUKB20201555555555
    startBalance: 5000.0
    mutation: 30.0
    endBalance: 5030.0
    description: This is test
}, class Record {
    txnReference: 10106
    accNumber: GB33BUKB20201555555556
    startBalance: 6000.0
    mutation: 30.0
    endBalance: 6030.0
    description: This is test
}]
2021-02-11 20:49:54,286 INFO com.cts.recruitment.assignment.javaexercise.services.impl.StatementValidationServiceImpl [http-nio-8080-exec-6] duplicate records are [class Record {
    txnReference: 10104
    accNumber: GB33BUKB20201555555552
    startBalance: 2000.0
    mutation: 100.0
    endBalance: 1900.0
    description: This is test
}, class Record {
    txnReference: 10104
    accNumber: GB33BUKB20201555555554
    startBalance: 3000.0
    mutation: 30.0
    endBalance: 3030.0
    description: This is test
}]
2021-02-11 20:49:54,287 INFO com.cts.recruitment.assignment.javaexercise.services.impl.StatementValidationServiceImpl [http-nio-8080-exec-6] invalidSumRecords records are []
2021-02-11 20:49:54,289 INFO com.cts.recruitment.assignment.javaexercise.services.impl.StatementValidationServiceImpl [http-nio-8080-exec-6] processing response of type DUPLICATE_REFERENCE
2021-02-11 20:49:54,290 INFO com.cts.recruitment.assignment.javaexercise.utility.Utility [http-nio-8080-exec-6] Creating `Error response for records [class Record {
    txnReference: 10104
    accNumber: GB33BUKB20201555555552
    startBalance: 2000.0
    mutation: 100.0
    endBalance: 1900.0
    description: This is test
}, class Record {
    txnReference: 10104
    accNumber: GB33BUKB20201555555554
    startBalance: 3000.0
    mutation: 30.0
    endBalance: 3030.0
    description: This is test
}] of type DUPLICATE_REFERENCE
2021-02-11 20:49:54,291 INFO com.cts.recruitment.assignment.javaexercise.utility.Utility [http-nio-8080-exec-6] Creating `Error response for records [class Record {
    txnReference: 10104
    accNumber: GB33BUKB20201555555552
    startBalance: 2000.0
    mutation: 100.0
    endBalance: 1900.0
    description: This is test
}, class Record {
    txnReference: 10104
    accNumber: GB33BUKB20201555555554
    startBalance: 3000.0
    mutation: 30.0
    endBalance: 3030.0
    description: This is test
}] 
2021-02-11 20:49:54,333 INFO com.cts.recruitment.assignment.javaexercise.resources.CustomerStatementResource [http-nio-8080-exec-7] request is recived for validation  [class Record {
    txnReference: 10101
    accNumber: GB33BUKB20201555555551
    startBalance: 1000.0
    mutation: 202.0
    endBalance: 1202.0
    description: This is test
}, class Record {
    txnReference: 10102
    accNumber: GB33BUKB20201555555552
    startBalance: 699.0
    mutation: 100.0
    endBalance: 1900.0
    description: This is test
}, class Record {
    txnReference: 10103
    accNumber: GB33BUKB20201555555553
    startBalance: 3000.0
    mutation: 300.0
    endBalance: 3300.0
    description: This is test
}, class Record {
    txnReference: 10104
    accNumber: GB33BUKB20201555555554
    startBalance: 3000.0
    mutation: 30.0
    endBalance: 3030.0
    description: This is test
}, class Record {
    txnReference: 10105
    accNumber: GB33BUKB20201555555555
    startBalance: 5000.0
    mutation: 30.0
    endBalance: 5030.0
    description: This is test
}, class Record {
    txnReference: 10106
    accNumber: GB33BUKB20201555555556
    startBalance: 6000.0
    mutation: 30.0
    endBalance: 6030.0
    description: This is test
}]
2021-02-11 20:49:54,334 INFO com.cts.recruitment.assignment.javaexercise.services.impl.StatementValidationServiceImpl [http-nio-8080-exec-7] duplicate records are []
2021-02-11 20:49:54,334 INFO com.cts.recruitment.assignment.javaexercise.services.impl.StatementValidationServiceImpl [http-nio-8080-exec-7] invalidSumRecords records are [class Record {
    txnReference: 10102
    accNumber: GB33BUKB20201555555552
    startBalance: 699.0
    mutation: 100.0
    endBalance: 1900.0
    description: This is test
}]
2021-02-11 20:49:54,335 INFO com.cts.recruitment.assignment.javaexercise.services.impl.StatementValidationServiceImpl [http-nio-8080-exec-7] processing response of type INCORRECT_END_BALANCE
2021-02-11 20:49:54,336 INFO com.cts.recruitment.assignment.javaexercise.utility.Utility [http-nio-8080-exec-7] Creating `Error response for records [class Record {
    txnReference: 10102
    accNumber: GB33BUKB20201555555552
    startBalance: 699.0
    mutation: 100.0
    endBalance: 1900.0
    description: This is test
}] of type INCORRECT_END_BALANCE
2021-02-11 20:49:54,336 INFO com.cts.recruitment.assignment.javaexercise.utility.Utility [http-nio-8080-exec-7] Creating `Error response for records [class Record {
    txnReference: 10102
    accNumber: GB33BUKB20201555555552
    startBalance: 699.0
    mutation: 100.0
    endBalance: 1900.0
    description: This is test
}] 
2021-02-11 20:49:54,378 INFO com.cts.recruitment.assignment.javaexercise.resources.CustomerStatementResource [http-nio-8080-exec-8] request is recived for validation  [class Record {
    txnReference: 10101
    accNumber: GB33BUKB20201555555551
    startBalance: 1000.0
    mutation: 202.0
    endBalance: 1202.0
    description: This is test
}, class Record {
    txnReference: 10104
    accNumber: GB33BUKB20201555555552
    startBalance: 699.0
    mutation: 100.0
    endBalance: 1900.0
    description: This is test
}, class Record {
    txnReference: 10103
    accNumber: GB33BUKB20201555555553
    startBalance: 3000.0
    mutation: 300.0
    endBalance: 3300.0
    description: This is test
}, class Record {
    txnReference: 10104
    accNumber: GB33BUKB20201555555554
    startBalance: 3000.0
    mutation: 30.0
    endBalance: 3030.0
    description: This is test
}, class Record {
    txnReference: 10105
    accNumber: GB33BUKB20201555555555
    startBalance: 5000.0
    mutation: 30.0
    endBalance: 5030.0
    description: This is test
}, class Record {
    txnReference: 10106
    accNumber: GB33BUKB20201555555556
    startBalance: 6000.0
    mutation: 30.0
    endBalance: 6030.0
    description: This is test
}]
2021-02-11 20:49:54,379 INFO com.cts.recruitment.assignment.javaexercise.services.impl.StatementValidationServiceImpl [http-nio-8080-exec-8] duplicate records are [class Record {
    txnReference: 10104
    accNumber: GB33BUKB20201555555552
    startBalance: 699.0
    mutation: 100.0
    endBalance: 1900.0
    description: This is test
}, class Record {
    txnReference: 10104
    accNumber: GB33BUKB20201555555554
    startBalance: 3000.0
    mutation: 30.0
    endBalance: 3030.0
    description: This is test
}]
2021-02-11 20:49:54,380 INFO com.cts.recruitment.assignment.javaexercise.services.impl.StatementValidationServiceImpl [http-nio-8080-exec-8] invalidSumRecords records are [class Record {
    txnReference: 10104
    accNumber: GB33BUKB20201555555552
    startBalance: 699.0
    mutation: 100.0
    endBalance: 1900.0
    description: This is test
}]
2021-02-11 20:49:54,380 INFO com.cts.recruitment.assignment.javaexercise.services.impl.StatementValidationServiceImpl [http-nio-8080-exec-8] processing response of type DUPLICATE_REFERENCE_INCORRECT_END_BALANCE
2021-02-11 20:49:54,381 INFO com.cts.recruitment.assignment.javaexercise.utility.Utility [http-nio-8080-exec-8] Creating `Error response for records [class Record {
    txnReference: 10104
    accNumber: GB33BUKB20201555555552
    startBalance: 699.0
    mutation: 100.0
    endBalance: 1900.0
    description: This is test
}, class Record {
    txnReference: 10104
    accNumber: GB33BUKB20201555555554
    startBalance: 3000.0
    mutation: 30.0
    endBalance: 3030.0
    description: This is test
}, class Record {
    txnReference: 10104
    accNumber: GB33BUKB20201555555552
    startBalance: 699.0
    mutation: 100.0
    endBalance: 1900.0
    description: This is test
}] of type DUPLICATE_REFERENCE_INCORRECT_END_BALANCE
2021-02-11 20:49:54,382 INFO com.cts.recruitment.assignment.javaexercise.utility.Utility [http-nio-8080-exec-8] Creating `Error response for records [class Record {
    txnReference: 10104
    accNumber: GB33BUKB20201555555552
    startBalance: 699.0
    mutation: 100.0
    endBalance: 1900.0
    description: This is test
}, class Record {
    txnReference: 10104
    accNumber: GB33BUKB20201555555554
    startBalance: 3000.0
    mutation: 30.0
    endBalance: 3030.0
    description: This is test
}, class Record {
    txnReference: 10104
    accNumber: GB33BUKB20201555555552
    startBalance: 699.0
    mutation: 100.0
    endBalance: 1900.0
    description: This is test
}] 
2021-02-11 20:55:50,877 INFO org.hibernate.validator.internal.util.Version [background-preinit] HV000001: Hibernate Validator 6.1.7.Final
2021-02-11 20:55:50,913 INFO org.springframework.boot.StartupInfoLogger [main] Starting CustomerStatementResourceTest using Java 11.0.4 on Dineshs-MacBook-Pro.local with PID 5562 (started by dineshpratapsingh in /Users/dineshpratapsingh/workspace/assignment/java-exercise)
2021-02-11 20:55:50,918 INFO org.springframework.boot.SpringApplication [main] No active profile set, falling back to default profiles: default
2021-02-11 20:55:51,852 INFO org.springframework.boot.web.embedded.tomcat.TomcatWebServer [main] Tomcat initialized with port(s): 0 (http)
2021-02-11 20:55:51,865 INFO org.apache.juli.logging.DirectJDKLog [main] Initializing ProtocolHandler ["http-nio-auto-1"]
2021-02-11 20:55:51,866 INFO org.apache.juli.logging.DirectJDKLog [main] Starting service [Tomcat]
2021-02-11 20:55:51,867 INFO org.apache.juli.logging.DirectJDKLog [main] Starting Servlet engine: [Apache Tomcat/9.0.41]
2021-02-11 20:55:51,955 INFO org.apache.juli.logging.DirectJDKLog [main] Initializing Spring embedded WebApplicationContext
2021-02-11 20:55:51,956 INFO org.springframework.boot.web.servlet.context.ServletWebServerApplicationContext [main] Root WebApplicationContext: initialization completed in 1012 ms
2021-02-11 20:55:52,341 INFO org.apache.juli.logging.DirectJDKLog [main] Starting ProtocolHandler ["http-nio-auto-1"]
2021-02-11 20:55:52,362 INFO org.springframework.boot.web.embedded.tomcat.TomcatWebServer [main] Tomcat started on port(s): 53160 (http) with context path ''
2021-02-11 20:55:52,372 INFO org.springframework.boot.StartupInfoLogger [main] Started CustomerStatementResourceTest in 6.944 seconds (JVM running for 8.005)
2021-02-11 20:55:53,103 WARN org.glassfish.jersey.server.wadl.WadlFeature [http-nio-auto-1-exec-1] JAXBContext implementation could not be found. WADL feature is disabled.
2021-02-11 20:55:53,392 INFO com.cts.recruitment.assignment.javaexercise.resources.CustomerStatementResource [http-nio-auto-1-exec-1] Inside health check
2021-02-11 20:55:53,654 INFO com.cts.recruitment.assignment.javaexercise.utility.Utility [http-nio-auto-1-exec-2] Creating `Error response for records null of type INTERNAL_SERVER_ERROR
2021-02-11 20:55:53,656 INFO com.cts.recruitment.assignment.javaexercise.utility.Utility [http-nio-auto-1-exec-2] Creating `Error response for records null 
2021-02-11 20:55:53,746 INFO org.springframework.test.context.support.AbstractTestContextBootstrapper [main] Neither @ContextConfiguration nor @ContextHierarchy found for test class [com.cts.recruitment.assignment.javaexercise.JavaExerciseApplicationTests], using SpringBootContextLoader
2021-02-11 20:55:53,747 INFO org.springframework.test.context.support.AbstractContextLoader [main] Could not detect default resource locations for test class [com.cts.recruitment.assignment.javaexercise.JavaExerciseApplicationTests]: no resource found for suffixes {-context.xml, Context.groovy}.
2021-02-11 20:55:53,747 INFO org.springframework.test.context.support.AnnotationConfigContextLoaderUtils [main] Could not detect default configuration classes for test class [com.cts.recruitment.assignment.javaexercise.JavaExerciseApplicationTests]: JavaExerciseApplicationTests does not declare any static, non-private, non-final, nested classes annotated with @Configuration.
2021-02-11 20:55:53,751 INFO org.springframework.boot.test.context.SpringBootTestContextBootstrapper [main] Found @SpringBootConfiguration com.cts.recruitment.assignment.javaexercise.JavaExerciseApplication for test class com.cts.recruitment.assignment.javaexercise.JavaExerciseApplicationTests
2021-02-11 20:55:53,753 INFO org.springframework.test.context.support.AbstractTestContextBootstrapper [main] Loaded default TestExecutionListener class names from location [META-INF/spring.factories]: [org.springframework.boot.test.mock.mockito.MockitoTestExecutionListener, org.springframework.boot.test.mock.mockito.ResetMocksTestExecutionListener, org.springframework.boot.test.autoconfigure.restdocs.RestDocsTestExecutionListener, org.springframework.boot.test.autoconfigure.web.client.MockRestServiceServerResetTestExecutionListener, org.springframework.boot.test.autoconfigure.web.servlet.MockMvcPrintOnlyOnFailureTestExecutionListener, org.springframework.boot.test.autoconfigure.web.servlet.WebDriverTestExecutionListener, org.springframework.boot.test.autoconfigure.webservices.client.MockWebServiceServerTestExecutionListener, org.springframework.test.context.web.ServletTestExecutionListener, org.springframework.test.context.support.DirtiesContextBeforeModesTestExecutionListener, org.springframework.test.context.event.ApplicationEventsTestExecutionListener, org.springframework.test.context.support.DependencyInjectionTestExecutionListener, org.springframework.test.context.support.DirtiesContextTestExecutionListener, org.springframework.test.context.transaction.TransactionalTestExecutionListener, org.springframework.test.context.jdbc.SqlScriptsTestExecutionListener, org.springframework.test.context.event.EventPublishingTestExecutionListener]
2021-02-11 20:55:53,755 INFO org.springframework.test.context.support.AbstractTestContextBootstrapper [main] Using TestExecutionListeners: [org.springframework.test.context.web.ServletTestExecutionListener@2b44605c, org.springframework.test.context.support.DirtiesContextBeforeModesTestExecutionListener@55421b8d, org.springframework.test.context.event.ApplicationEventsTestExecutionListener@24a04257, org.springframework.boot.test.mock.mockito.MockitoTestExecutionListener@6615237, org.springframework.boot.test.autoconfigure.SpringBootDependencyInjectionTestExecutionListener@eaf8427, org.springframework.test.context.support.DirtiesContextTestExecutionListener@4bf4680c, org.springframework.test.context.event.EventPublishingTestExecutionListener@6d6039df, org.springframework.boot.test.mock.mockito.ResetMocksTestExecutionListener@611c3eae, org.springframework.boot.test.autoconfigure.restdocs.RestDocsTestExecutionListener@13e00016, org.springframework.boot.test.autoconfigure.web.client.MockRestServiceServerResetTestExecutionListener@7b3cbe6e, org.springframework.boot.test.autoconfigure.web.servlet.MockMvcPrintOnlyOnFailureTestExecutionListener@177ede17, org.springframework.boot.test.autoconfigure.web.servlet.WebDriverTestExecutionListener@17176b18, org.springframework.boot.test.autoconfigure.webservices.client.MockWebServiceServerTestExecutionListener@4e4395c]
2021-02-11 20:55:53,788 INFO org.springframework.boot.StartupInfoLogger [main] Starting JavaExerciseApplicationTests using Java 11.0.4 on Dineshs-MacBook-Pro.local with PID 5562 (started by dineshpratapsingh in /Users/dineshpratapsingh/workspace/assignment/java-exercise)
2021-02-11 20:55:53,790 INFO org.springframework.boot.SpringApplication [main] No active profile set, falling back to default profiles: default
2021-02-11 20:55:54,070 INFO org.springframework.boot.StartupInfoLogger [main] Started JavaExerciseApplicationTests in 0.303 seconds (JVM running for 9.702)
2021-02-11 20:55:54,099 INFO com.cts.recruitment.assignment.javaexercise.services.impl.StatementValidationServiceImpl [main] duplicate records are []
2021-02-11 20:55:54,101 INFO com.cts.recruitment.assignment.javaexercise.services.impl.StatementValidationServiceImpl [main] invalidSumRecords records are []
2021-02-11 20:55:54,102 INFO com.cts.recruitment.assignment.javaexercise.services.impl.StatementValidationServiceImpl [main] processing response of type SUCCESSFUL
2021-02-11 20:55:54,103 INFO com.cts.recruitment.assignment.javaexercise.utility.Utility [main] Creating `Error response for records null of type SUCCESSFUL
2021-02-11 20:55:54,103 INFO com.cts.recruitment.assignment.javaexercise.utility.Utility [main] Creating `Error response for records null 
2021-02-11 20:55:54,112 INFO com.cts.recruitment.assignment.javaexercise.services.impl.StatementValidationServiceImpl [main] duplicate records are [class Record {
    txnReference: 1000
    accNumber: GB33BUKB20201555555555
    startBalance: 1800.0
    mutation: 200.0
    endBalance: 2000.0
    description: null
}, class Record {
    txnReference: 1000
    accNumber: GB33BUKB20201555555555
    startBalance: 1800.0
    mutation: 200.0
    endBalance: 2000.0
    description: null
}]
2021-02-11 20:55:54,113 INFO com.cts.recruitment.assignment.javaexercise.services.impl.StatementValidationServiceImpl [main] invalidSumRecords records are [class Record {
    txnReference: 1001
    accNumber: GB33BUKB20201555555555
    startBalance: 1800.0
    mutation: 205.0
    endBalance: 2000.0
    description: null
}]
2021-02-11 20:55:54,113 INFO com.cts.recruitment.assignment.javaexercise.services.impl.StatementValidationServiceImpl [main] processing response of type DUPLICATE_REFERENCE_INCORRECT_END_BALANCE
2021-02-11 20:55:54,114 INFO com.cts.recruitment.assignment.javaexercise.utility.Utility [main] Creating `Error response for records [class Record {
    txnReference: 1000
    accNumber: GB33BUKB20201555555555
    startBalance: 1800.0
    mutation: 200.0
    endBalance: 2000.0
    description: null
}, class Record {
    txnReference: 1000
    accNumber: GB33BUKB20201555555555
    startBalance: 1800.0
    mutation: 200.0
    endBalance: 2000.0
    description: null
}, class Record {
    txnReference: 1001
    accNumber: GB33BUKB20201555555555
    startBalance: 1800.0
    mutation: 205.0
    endBalance: 2000.0
    description: null
}] of type DUPLICATE_REFERENCE_INCORRECT_END_BALANCE
2021-02-11 20:55:54,114 INFO com.cts.recruitment.assignment.javaexercise.utility.Utility [main] Creating `Error response for records [class Record {
    txnReference: 1000
    accNumber: GB33BUKB20201555555555
    startBalance: 1800.0
    mutation: 200.0
    endBalance: 2000.0
    description: null
}, class Record {
    txnReference: 1000
    accNumber: GB33BUKB20201555555555
    startBalance: 1800.0
    mutation: 200.0
    endBalance: 2000.0
    description: null
}, class Record {
    txnReference: 1001
    accNumber: GB33BUKB20201555555555
    startBalance: 1800.0
    mutation: 205.0
    endBalance: 2000.0
    description: null
}] 
2021-02-11 20:55:54,116 INFO com.cts.recruitment.assignment.javaexercise.services.impl.StatementValidationServiceImpl [main] duplicate records are [class Record {
    txnReference: 1000
    accNumber: GB33BUKB20201555555555
    startBalance: 1800.0
    mutation: 200.0
    endBalance: 2000.0
    description: null
}, class Record {
    txnReference: 1000
    accNumber: GB33BUKB20201555555555
    startBalance: 1800.0
    mutation: 200.0
    endBalance: 2000.0
    description: null
}]
2021-02-11 20:55:54,116 INFO com.cts.recruitment.assignment.javaexercise.services.impl.StatementValidationServiceImpl [main] invalidSumRecords records are []
2021-02-11 20:55:54,117 INFO com.cts.recruitment.assignment.javaexercise.services.impl.StatementValidationServiceImpl [main] processing response of type DUPLICATE_REFERENCE
2021-02-11 20:55:54,117 INFO com.cts.recruitment.assignment.javaexercise.utility.Utility [main] Creating `Error response for records [class Record {
    txnReference: 1000
    accNumber: GB33BUKB20201555555555
    startBalance: 1800.0
    mutation: 200.0
    endBalance: 2000.0
    description: null
}, class Record {
    txnReference: 1000
    accNumber: GB33BUKB20201555555555
    startBalance: 1800.0
    mutation: 200.0
    endBalance: 2000.0
    description: null
}] of type DUPLICATE_REFERENCE
2021-02-11 20:55:54,118 INFO com.cts.recruitment.assignment.javaexercise.utility.Utility [main] Creating `Error response for records [class Record {
    txnReference: 1000
    accNumber: GB33BUKB20201555555555
    startBalance: 1800.0
    mutation: 200.0
    endBalance: 2000.0
    description: null
}, class Record {
    txnReference: 1000
    accNumber: GB33BUKB20201555555555
    startBalance: 1800.0
    mutation: 200.0
    endBalance: 2000.0
    description: null
}] 
2021-02-11 20:55:54,121 INFO com.cts.recruitment.assignment.javaexercise.services.impl.StatementValidationServiceImpl [main] duplicate records are []
2021-02-11 20:55:54,121 INFO com.cts.recruitment.assignment.javaexercise.services.impl.StatementValidationServiceImpl [main] invalidSumRecords records are [class Record {
    txnReference: 1001
    accNumber: GB33BUKB20201555555555
    startBalance: 1800.0
    mutation: 205.0
    endBalance: 2000.0
    description: null
}]
2021-02-11 20:55:54,122 INFO com.cts.recruitment.assignment.javaexercise.services.impl.StatementValidationServiceImpl [main] processing response of type INCORRECT_END_BALANCE
2021-02-11 20:55:54,122 INFO com.cts.recruitment.assignment.javaexercise.utility.Utility [main] Creating `Error response for records [class Record {
    txnReference: 1001
    accNumber: GB33BUKB20201555555555
    startBalance: 1800.0
    mutation: 205.0
    endBalance: 2000.0
    description: null
}] of type INCORRECT_END_BALANCE
2021-02-11 20:55:54,123 INFO com.cts.recruitment.assignment.javaexercise.utility.Utility [main] Creating `Error response for records [class Record {
    txnReference: 1001
    accNumber: GB33BUKB20201555555555
    startBalance: 1800.0
    mutation: 205.0
    endBalance: 2000.0
    description: null
}] 
2021-02-11 20:55:54,125 INFO com.cts.recruitment.assignment.javaexercise.services.impl.StatementValidationServiceImpl [main] duplicate records are []
2021-02-11 20:55:54,126 INFO com.cts.recruitment.assignment.javaexercise.services.impl.StatementValidationServiceImpl [main] invalidSumRecords records are []
2021-02-11 20:55:54,127 INFO com.cts.recruitment.assignment.javaexercise.services.impl.StatementValidationServiceImpl [main] processing response of type SUCCESSFUL
2021-02-11 20:55:54,128 INFO com.cts.recruitment.assignment.javaexercise.utility.Utility [main] Creating `Error response for records null of type SUCCESSFUL
2021-02-11 20:55:54,128 INFO com.cts.recruitment.assignment.javaexercise.utility.Utility [main] Creating `Error response for records null 
2021-02-11 20:55:54,131 INFO com.cts.recruitment.assignment.javaexercise.utility.Utility [main] Creating `Error response for records [] 
2021-02-11 20:55:54,132 INFO com.cts.recruitment.assignment.javaexercise.utility.Utility [main] Creating `Error response for records null of type null
2021-02-11 20:55:54,133 INFO com.cts.recruitment.assignment.javaexercise.utility.Utility [main] Creating `Error response for records null 
2021-02-11 20:55:54,135 INFO com.cts.recruitment.assignment.javaexercise.utility.Utility [main] Creating `Error response for records [class Record {
    txnReference: 1000
    accNumber: GB33BUKB20201555555555
    startBalance: 1800.0
    mutation: 200.0
    endBalance: 2000.0
    description: null
}] of type SUCCESSFUL
2021-02-11 20:55:54,135 INFO com.cts.recruitment.assignment.javaexercise.utility.Utility [main] Creating `Error response for records [class Record {
    txnReference: 1000
    accNumber: GB33BUKB20201555555555
    startBalance: 1800.0
    mutation: 200.0
    endBalance: 2000.0
    description: null
}] 
2021-02-11 20:55:54,137 INFO com.cts.recruitment.assignment.javaexercise.utility.Utility [main] Creating `Error response for records [class Record {
    txnReference: 1000
    accNumber: GB33BUKB20201555555555
    startBalance: 1800.0
    mutation: 200.0
    endBalance: 2000.0
    description: null
}] 
2021-02-11 20:55:54,138 INFO com.cts.recruitment.assignment.javaexercise.utility.Utility [main] Creating `Error response for records null 
2021-02-11 20:56:40,921 INFO org.hibernate.validator.internal.util.Version [background-preinit] HV000001: Hibernate Validator 6.1.7.Final
2021-02-11 20:56:40,923 INFO org.springframework.boot.StartupInfoLogger [main] Starting JavaExerciseApplication using Java 11.0.4 on Dineshs-MacBook-Pro.local with PID 5609 (/Users/dineshpratapsingh/workspace/assignment/java-exercise/target/classes started by dineshpratapsingh in /Users/dineshpratapsingh/workspace/assignment/java-exercise)
2021-02-11 20:56:40,925 INFO org.springframework.boot.SpringApplication [main] No active profile set, falling back to default profiles: default
2021-02-11 20:56:41,510 INFO org.springframework.boot.web.embedded.tomcat.TomcatWebServer [main] Tomcat initialized with port(s): 8080 (http)
2021-02-11 20:56:41,516 INFO org.apache.juli.logging.DirectJDKLog [main] Initializing ProtocolHandler ["http-nio-8080"]
2021-02-11 20:56:41,517 INFO org.apache.juli.logging.DirectJDKLog [main] Starting service [Tomcat]
2021-02-11 20:56:41,518 INFO org.apache.juli.logging.DirectJDKLog [main] Starting Servlet engine: [Apache Tomcat/9.0.41]
2021-02-11 20:56:41,566 INFO org.apache.juli.logging.DirectJDKLog [main] Initializing Spring embedded WebApplicationContext
2021-02-11 20:56:41,567 INFO org.springframework.boot.web.servlet.context.ServletWebServerApplicationContext [main] Root WebApplicationContext: initialization completed in 605 ms
2021-02-11 20:56:41,695 INFO org.apache.juli.logging.DirectJDKLog [main] Starting ProtocolHandler ["http-nio-8080"]
2021-02-11 20:56:41,713 INFO org.springframework.boot.web.embedded.tomcat.TomcatWebServer [main] Tomcat started on port(s): 8080 (http) with context path ''
2021-02-11 20:56:41,722 INFO org.springframework.boot.StartupInfoLogger [main] Started JavaExerciseApplication in 6.18 seconds (JVM running for 6.49)
2021-02-11 20:56:51,932 WARN org.glassfish.jersey.server.wadl.WadlFeature [http-nio-8080-exec-1] JAXBContext implementation could not be found. WADL feature is disabled.
2021-02-11 20:56:52,117 INFO com.cts.recruitment.assignment.javaexercise.resources.CustomerStatementResource [http-nio-8080-exec-1] Inside health check
2021-02-11 20:56:52,289 INFO com.cts.recruitment.assignment.javaexercise.resources.CustomerStatementResource [http-nio-8080-exec-2] request is recived for validation  [class Record {
    txnReference: 10101
    accNumber: GB33BUKB20201555555551
    startBalance: 1000.0
    mutation: 202.0
    endBalance: 1202.0
    description: This is test
}, class Record {
    txnReference: 10102
    accNumber: GB33BUKB20201555555552
    startBalance: 2000.0
    mutation: 100.0
    endBalance: 1900.0
    description: This is test
}, class Record {
    txnReference: 10103
    accNumber: GB33BUKB20201555555553
    startBalance: 3000.0
    mutation: 300.0
    endBalance: 3300.0
    description: This is test
}, class Record {
    txnReference: 10104
    accNumber: GB33BUKB20201555555554
    startBalance: 3000.0
    mutation: 30.0
    endBalance: 3030.0
    description: This is test
}, class Record {
    txnReference: 10105
    accNumber: GB33BUKB20201555555555
    startBalance: 5000.0
    mutation: 30.0
    endBalance: 5030.0
    description: This is test
}, class Record {
    txnReference: 10106
    accNumber: GB33BUKB20201555555556
    startBalance: 6000.0
    mutation: 30.0
    endBalance: 6030.0
    description: This is test
}]
2021-02-11 20:56:52,290 INFO com.cts.recruitment.assignment.javaexercise.services.impl.StatementValidationServiceImpl [http-nio-8080-exec-2] duplicate records are []
2021-02-11 20:56:52,291 INFO com.cts.recruitment.assignment.javaexercise.services.impl.StatementValidationServiceImpl [http-nio-8080-exec-2] invalidSumRecords records are []
2021-02-11 20:56:52,292 INFO com.cts.recruitment.assignment.javaexercise.services.impl.StatementValidationServiceImpl [http-nio-8080-exec-2] processing response of type SUCCESSFUL
2021-02-11 20:56:52,294 INFO com.cts.recruitment.assignment.javaexercise.utility.Utility [http-nio-8080-exec-2] Creating `Error response for records null of type SUCCESSFUL
2021-02-11 20:56:52,295 INFO com.cts.recruitment.assignment.javaexercise.utility.Utility [http-nio-8080-exec-2] Creating `Error response for records null 
2021-02-11 20:56:52,354 INFO com.cts.recruitment.assignment.javaexercise.utility.Utility [http-nio-8080-exec-3] Creating `Error response for records null of type BAD_REQUEST
2021-02-11 20:56:52,354 INFO com.cts.recruitment.assignment.javaexercise.utility.Utility [http-nio-8080-exec-3] Creating `Error response for records null 
2021-02-11 20:56:52,380 INFO com.cts.recruitment.assignment.javaexercise.resources.CustomerStatementResource [http-nio-8080-exec-4] request is recived for validation  [class Record {
    txnReference: 10101
    accNumber: GB33BUKB20201555555551
    startBalance: 1000.0
    mutation: 202.0
    endBalance: 1202.0
    description: This is test
}, class Record {
    txnReference: 10102
    accNumber: GB33BUKB20201555555552
    startBalance: 2000.0
    mutation: 100.0
    endBalance: 1900.0
    description: 
}, class Record {
    txnReference: 10103
    accNumber: GB33BUKB20201555555553
    startBalance: 3000.0
    mutation: 300.0
    endBalance: 3300.0
    description: This is test
}, class Record {
    txnReference: 10104
    accNumber: GB33BUKB20201555555554
    startBalance: 3000.0
    mutation: 30.0
    endBalance: 3030.0
    description: This is test
}, class Record {
    txnReference: 10105
    accNumber: GB33BUKB20201555555555
    startBalance: 5000.0
    mutation: 30.0
    endBalance: 5030.0
    description: This is test
}, class Record {
    txnReference: 10106
    accNumber: GB33BUKB20201555555556
    startBalance: 6000.0
    mutation: 30.0
    endBalance: 6030.0
    description: This is test
}]
2021-02-11 20:56:52,381 INFO com.cts.recruitment.assignment.javaexercise.services.impl.StatementValidationServiceImpl [http-nio-8080-exec-4] duplicate records are []
2021-02-11 20:56:52,382 INFO com.cts.recruitment.assignment.javaexercise.services.impl.StatementValidationServiceImpl [http-nio-8080-exec-4] invalidSumRecords records are []
2021-02-11 20:56:52,382 INFO com.cts.recruitment.assignment.javaexercise.services.impl.StatementValidationServiceImpl [http-nio-8080-exec-4] processing response of type SUCCESSFUL
2021-02-11 20:56:52,383 INFO com.cts.recruitment.assignment.javaexercise.utility.Utility [http-nio-8080-exec-4] Creating `Error response for records null of type SUCCESSFUL
2021-02-11 20:56:52,383 INFO com.cts.recruitment.assignment.javaexercise.utility.Utility [http-nio-8080-exec-4] Creating `Error response for records null 
2021-02-11 20:56:52,407 INFO com.cts.recruitment.assignment.javaexercise.utility.Utility [http-nio-8080-exec-5] Creating `Error response for records null of type BAD_REQUEST
2021-02-11 20:56:52,407 INFO com.cts.recruitment.assignment.javaexercise.utility.Utility [http-nio-8080-exec-5] Creating `Error response for records null 
2021-02-11 20:56:52,430 INFO com.cts.recruitment.assignment.javaexercise.resources.CustomerStatementResource [http-nio-8080-exec-6] request is recived for validation  [class Record {
    txnReference: 10101
    accNumber: GB33BUKB20201555555551
    startBalance: 1000.0
    mutation: 202.0
    endBalance: 1202.0
    description: This is test
}, class Record {
    txnReference: 10104
    accNumber: GB33BUKB20201555555552
    startBalance: 2000.0
    mutation: 100.0
    endBalance: 1900.0
    description: This is test
}, class Record {
    txnReference: 10103
    accNumber: GB33BUKB20201555555553
    startBalance: 3000.0
    mutation: 300.0
    endBalance: 3300.0
    description: This is test
}, class Record {
    txnReference: 10104
    accNumber: GB33BUKB20201555555554
    startBalance: 3000.0
    mutation: 30.0
    endBalance: 3030.0
    description: This is test
}, class Record {
    txnReference: 10105
    accNumber: GB33BUKB20201555555555
    startBalance: 5000.0
    mutation: 30.0
    endBalance: 5030.0
    description: This is test
}, class Record {
    txnReference: 10106
    accNumber: GB33BUKB20201555555556
    startBalance: 6000.0
    mutation: 30.0
    endBalance: 6030.0
    description: This is test
}]
2021-02-11 20:56:52,431 INFO com.cts.recruitment.assignment.javaexercise.services.impl.StatementValidationServiceImpl [http-nio-8080-exec-6] duplicate records are [class Record {
    txnReference: 10104
    accNumber: GB33BUKB20201555555552
    startBalance: 2000.0
    mutation: 100.0
    endBalance: 1900.0
    description: This is test
}, class Record {
    txnReference: 10104
    accNumber: GB33BUKB20201555555554
    startBalance: 3000.0
    mutation: 30.0
    endBalance: 3030.0
    description: This is test
}]
2021-02-11 20:56:52,432 INFO com.cts.recruitment.assignment.javaexercise.services.impl.StatementValidationServiceImpl [http-nio-8080-exec-6] invalidSumRecords records are []
2021-02-11 20:56:52,432 INFO com.cts.recruitment.assignment.javaexercise.services.impl.StatementValidationServiceImpl [http-nio-8080-exec-6] processing response of type DUPLICATE_REFERENCE
2021-02-11 20:56:52,432 INFO com.cts.recruitment.assignment.javaexercise.utility.Utility [http-nio-8080-exec-6] Creating `Error response for records [class Record {
    txnReference: 10104
    accNumber: GB33BUKB20201555555552
    startBalance: 2000.0
    mutation: 100.0
    endBalance: 1900.0
    description: This is test
}, class Record {
    txnReference: 10104
    accNumber: GB33BUKB20201555555554
    startBalance: 3000.0
    mutation: 30.0
    endBalance: 3030.0
    description: This is test
}] of type DUPLICATE_REFERENCE
2021-02-11 20:56:52,433 INFO com.cts.recruitment.assignment.javaexercise.utility.Utility [http-nio-8080-exec-6] Creating `Error response for records [class Record {
    txnReference: 10104
    accNumber: GB33BUKB20201555555552
    startBalance: 2000.0
    mutation: 100.0
    endBalance: 1900.0
    description: This is test
}, class Record {
    txnReference: 10104
    accNumber: GB33BUKB20201555555554
    startBalance: 3000.0
    mutation: 30.0
    endBalance: 3030.0
    description: This is test
}] 
2021-02-11 20:56:52,461 INFO com.cts.recruitment.assignment.javaexercise.resources.CustomerStatementResource [http-nio-8080-exec-7] request is recived for validation  [class Record {
    txnReference: 10101
    accNumber: GB33BUKB20201555555551
    startBalance: 1000.0
    mutation: 202.0
    endBalance: 1202.0
    description: This is test
}, class Record {
    txnReference: 10102
    accNumber: GB33BUKB20201555555552
    startBalance: 699.0
    mutation: 100.0
    endBalance: 1900.0
    description: This is test
}, class Record {
    txnReference: 10103
    accNumber: GB33BUKB20201555555553
    startBalance: 3000.0
    mutation: 300.0
    endBalance: 3300.0
    description: This is test
}, class Record {
    txnReference: 10104
    accNumber: GB33BUKB20201555555554
    startBalance: 3000.0
    mutation: 30.0
    endBalance: 3030.0
    description: This is test
}, class Record {
    txnReference: 10105
    accNumber: GB33BUKB20201555555555
    startBalance: 5000.0
    mutation: 30.0
    endBalance: 5030.0
    description: This is test
}, class Record {
    txnReference: 10106
    accNumber: GB33BUKB20201555555556
    startBalance: 6000.0
    mutation: 30.0
    endBalance: 6030.0
    description: This is test
}]
2021-02-11 20:56:52,461 INFO com.cts.recruitment.assignment.javaexercise.services.impl.StatementValidationServiceImpl [http-nio-8080-exec-7] duplicate records are []
2021-02-11 20:56:52,462 INFO com.cts.recruitment.assignment.javaexercise.services.impl.StatementValidationServiceImpl [http-nio-8080-exec-7] invalidSumRecords records are [class Record {
    txnReference: 10102
    accNumber: GB33BUKB20201555555552
    startBalance: 699.0
    mutation: 100.0
    endBalance: 1900.0
    description: This is test
}]
2021-02-11 20:56:52,463 INFO com.cts.recruitment.assignment.javaexercise.services.impl.StatementValidationServiceImpl [http-nio-8080-exec-7] processing response of type INCORRECT_END_BALANCE
2021-02-11 20:56:52,463 INFO com.cts.recruitment.assignment.javaexercise.utility.Utility [http-nio-8080-exec-7] Creating `Error response for records [class Record {
    txnReference: 10102
    accNumber: GB33BUKB20201555555552
    startBalance: 699.0
    mutation: 100.0
    endBalance: 1900.0
    description: This is test
}] of type INCORRECT_END_BALANCE
2021-02-11 20:56:52,463 INFO com.cts.recruitment.assignment.javaexercise.utility.Utility [http-nio-8080-exec-7] Creating `Error response for records [class Record {
    txnReference: 10102
    accNumber: GB33BUKB20201555555552
    startBalance: 699.0
    mutation: 100.0
    endBalance: 1900.0
    description: This is test
}] 
2021-02-11 20:56:52,503 INFO com.cts.recruitment.assignment.javaexercise.resources.CustomerStatementResource [http-nio-8080-exec-8] request is recived for validation  [class Record {
    txnReference: 10101
    accNumber: GB33BUKB20201555555551
    startBalance: 1000.0
    mutation: 202.0
    endBalance: 1202.0
    description: This is test
}, class Record {
    txnReference: 10104
    accNumber: GB33BUKB20201555555552
    startBalance: 699.0
    mutation: 100.0
    endBalance: 1900.0
    description: This is test
}, class Record {
    txnReference: 10103
    accNumber: GB33BUKB20201555555553
    startBalance: 3000.0
    mutation: 300.0
    endBalance: 3300.0
    description: This is test
}, class Record {
    txnReference: 10104
    accNumber: GB33BUKB20201555555554
    startBalance: 3000.0
    mutation: 30.0
    endBalance: 3030.0
    description: This is test
}, class Record {
    txnReference: 10105
    accNumber: GB33BUKB20201555555555
    startBalance: 5000.0
    mutation: 30.0
    endBalance: 5030.0
    description: This is test
}, class Record {
    txnReference: 10106
    accNumber: GB33BUKB20201555555556
    startBalance: 6000.0
    mutation: 30.0
    endBalance: 6030.0
    description: This is test
}]
2021-02-11 20:56:52,504 INFO com.cts.recruitment.assignment.javaexercise.services.impl.StatementValidationServiceImpl [http-nio-8080-exec-8] duplicate records are [class Record {
    txnReference: 10104
    accNumber: GB33BUKB20201555555552
    startBalance: 699.0
    mutation: 100.0
    endBalance: 1900.0
    description: This is test
}, class Record {
    txnReference: 10104
    accNumber: GB33BUKB20201555555554
    startBalance: 3000.0
    mutation: 30.0
    endBalance: 3030.0
    description: This is test
}]
2021-02-11 20:56:52,505 INFO com.cts.recruitment.assignment.javaexercise.services.impl.StatementValidationServiceImpl [http-nio-8080-exec-8] invalidSumRecords records are [class Record {
    txnReference: 10104
    accNumber: GB33BUKB20201555555552
    startBalance: 699.0
    mutation: 100.0
    endBalance: 1900.0
    description: This is test
}]
2021-02-11 20:56:52,505 INFO com.cts.recruitment.assignment.javaexercise.services.impl.StatementValidationServiceImpl [http-nio-8080-exec-8] processing response of type DUPLICATE_REFERENCE_INCORRECT_END_BALANCE
2021-02-11 20:56:52,505 INFO com.cts.recruitment.assignment.javaexercise.utility.Utility [http-nio-8080-exec-8] Creating `Error response for records [class Record {
    txnReference: 10104
    accNumber: GB33BUKB20201555555552
    startBalance: 699.0
    mutation: 100.0
    endBalance: 1900.0
    description: This is test
}, class Record {
    txnReference: 10104
    accNumber: GB33BUKB20201555555554
    startBalance: 3000.0
    mutation: 30.0
    endBalance: 3030.0
    description: This is test
}, class Record {
    txnReference: 10104
    accNumber: GB33BUKB20201555555552
    startBalance: 699.0
    mutation: 100.0
    endBalance: 1900.0
    description: This is test
}] of type DUPLICATE_REFERENCE_INCORRECT_END_BALANCE
2021-02-11 20:56:52,506 INFO com.cts.recruitment.assignment.javaexercise.utility.Utility [http-nio-8080-exec-8] Creating `Error response for records [class Record {
    txnReference: 10104
    accNumber: GB33BUKB20201555555552
    startBalance: 699.0
    mutation: 100.0
    endBalance: 1900.0
    description: This is test
}, class Record {
    txnReference: 10104
    accNumber: GB33BUKB20201555555554
    startBalance: 3000.0
    mutation: 30.0
    endBalance: 3030.0
    description: This is test
}, class Record {
    txnReference: 10104
    accNumber: GB33BUKB20201555555552
    startBalance: 699.0
    mutation: 100.0
    endBalance: 1900.0
    description: This is test
}] 
